This is pdfTeX, Version 3.14159265-2.6-1.40.17 (TeX Live 2016/W32TeX) (preloaded format=pdflatex 2016.10.9)  4 JAN 2018 14:47
entering extended mode
 \write18 enabled.
 %&-line parsing enabled.
**./ash-tutorial.tex
(./ash-tutorial.tex
LaTeX2e <2016/03/31> patch level 3
Babel <3.9r> and hyphenation patterns for 83 language(s) loaded.
(c:/texlive/2016/texmf-dist/tex/latex/base/article.cls
Document Class: article 2014/09/29 v1.4h Standard LaTeX document class
(c:/texlive/2016/texmf-dist/tex/latex/base/size12.clo
File: size12.clo 2014/09/29 v1.4h Standard LaTeX file (size option)
)
\c@part=\count79
\c@section=\count80
\c@subsection=\count81
\c@subsubsection=\count82
\c@paragraph=\count83
\c@subparagraph=\count84
\c@figure=\count85
\c@table=\count86
\abovecaptionskip=\skip41
\belowcaptionskip=\skip42
\bibindent=\dimen102
)
(c:/texlive/2016/texmf-dist/tex/latex/lm/lmodern.sty
Package: lmodern 2009/10/30 v1.6 Latin Modern Fonts
LaTeX Font Info:    Overwriting symbol font `operators' in version `normal'
(Font)                  OT1/cmr/m/n --> OT1/lmr/m/n on input line 22.
LaTeX Font Info:    Overwriting symbol font `letters' in version `normal'
(Font)                  OML/cmm/m/it --> OML/lmm/m/it on input line 23.
LaTeX Font Info:    Overwriting symbol font `symbols' in version `normal'
(Font)                  OMS/cmsy/m/n --> OMS/lmsy/m/n on input line 24.
LaTeX Font Info:    Overwriting symbol font `largesymbols' in version `normal'
(Font)                  OMX/cmex/m/n --> OMX/lmex/m/n on input line 25.
LaTeX Font Info:    Overwriting symbol font `operators' in version `bold'
(Font)                  OT1/cmr/bx/n --> OT1/lmr/bx/n on input line 26.
LaTeX Font Info:    Overwriting symbol font `letters' in version `bold'
(Font)                  OML/cmm/b/it --> OML/lmm/b/it on input line 27.
LaTeX Font Info:    Overwriting symbol font `symbols' in version `bold'
(Font)                  OMS/cmsy/b/n --> OMS/lmsy/b/n on input line 28.
LaTeX Font Info:    Overwriting symbol font `largesymbols' in version `bold'
(Font)                  OMX/cmex/m/n --> OMX/lmex/m/n on input line 29.
LaTeX Font Info:    Overwriting math alphabet `\mathbf' in version `normal'
(Font)                  OT1/cmr/bx/n --> OT1/lmr/bx/n on input line 31.
LaTeX Font Info:    Overwriting math alphabet `\mathsf' in version `normal'
(Font)                  OT1/cmss/m/n --> OT1/lmss/m/n on input line 32.
LaTeX Font Info:    Overwriting math alphabet `\mathit' in version `normal'
(Font)                  OT1/cmr/m/it --> OT1/lmr/m/it on input line 33.
LaTeX Font Info:    Overwriting math alphabet `\mathtt' in version `normal'
(Font)                  OT1/cmtt/m/n --> OT1/lmtt/m/n on input line 34.
LaTeX Font Info:    Overwriting math alphabet `\mathbf' in version `bold'
(Font)                  OT1/cmr/bx/n --> OT1/lmr/bx/n on input line 35.
LaTeX Font Info:    Overwriting math alphabet `\mathsf' in version `bold'
(Font)                  OT1/cmss/bx/n --> OT1/lmss/bx/n on input line 36.
LaTeX Font Info:    Overwriting math alphabet `\mathit' in version `bold'
(Font)                  OT1/cmr/bx/it --> OT1/lmr/bx/it on input line 37.
LaTeX Font Info:    Overwriting math alphabet `\mathtt' in version `bold'
(Font)                  OT1/cmtt/m/n --> OT1/lmtt/m/n on input line 38.
)
(c:/texlive/2016/texmf-dist/tex/latex/base/fontenc.sty
Package: fontenc 2016/06/19 v1.99m Standard LaTeX package

(c:/texlive/2016/texmf-dist/tex/latex/base/t1enc.def
File: t1enc.def 2016/06/19 v1.99m Standard LaTeX file
LaTeX Font Info:    Redeclaring font encoding T1 on input line 48.
))
(c:/texlive/2016/texmf-dist/tex/latex/base/shortvrb.sty
Package: shortvrb 2016/02/15 v2.1g Standard LaTeX documentation package (FMi)
)
(c:/texlive/2016/texmf-dist/tex/latex/hyperref/hyperref.sty
Package: hyperref 2016/06/24 v6.83q Hypertext links for LaTeX

(c:/texlive/2016/texmf-dist/tex/generic/oberdiek/hobsub-hyperref.sty
Package: hobsub-hyperref 2016/05/16 v1.14 Bundle oberdiek, subset hyperref (HO)


(c:/texlive/2016/texmf-dist/tex/generic/oberdiek/hobsub-generic.sty
Package: hobsub-generic 2016/05/16 v1.14 Bundle oberdiek, subset generic (HO)
Package: hobsub 2016/05/16 v1.14 Construct package bundles (HO)
Package: infwarerr 2016/05/16 v1.4 Providing info/warning/error messages (HO)
Package: ltxcmds 2016/05/16 v1.23 LaTeX kernel commands for general use (HO)
Package: ifluatex 2016/05/16 v1.4 Provides the ifluatex switch (HO)
Package ifluatex Info: LuaTeX not detected.
Package: ifvtex 2016/05/16 v1.6 Detect VTeX and its facilities (HO)
Package ifvtex Info: VTeX not detected.
Package: intcalc 2016/05/16 v1.2 Expandable calculations with integers (HO)
Package: ifpdf 2016/05/14 v3.1 Provides the ifpdf switch
Package: etexcmds 2016/05/16 v1.6 Avoid name clashes with e-TeX commands (HO)
Package etexcmds Info: Could not find \expanded.
(etexcmds)             That can mean that you are not using pdfTeX 1.50 or
(etexcmds)             that some package has redefined \expanded.
(etexcmds)             In the latter case, load this package earlier.
Package: kvsetkeys 2016/05/16 v1.17 Key value parser (HO)
Package: kvdefinekeys 2016/05/16 v1.4 Define keys (HO)
Package: pdftexcmds 2016/05/21 v0.22 Utility functions of pdfTeX for LuaTeX (HO
)
Package pdftexcmds Info: LuaTeX not detected.
Package pdftexcmds Info: \pdf@primitive is available.
Package pdftexcmds Info: \pdf@ifprimitive is available.
Package pdftexcmds Info: \pdfdraftmode found.
Package: pdfescape 2016/05/16 v1.14 Implements pdfTeX's escape features (HO)
Package: bigintcalc 2016/05/16 v1.4 Expandable calculations on big integers (HO
)
Package: bitset 2016/05/16 v1.2 Handle bit-vector datatype (HO)
Package: uniquecounter 2016/05/16 v1.3 Provide unlimited unique counter (HO)
)
Package hobsub Info: Skipping package `hobsub' (already loaded).
Package: letltxmacro 2016/05/16 v1.5 Let assignment for LaTeX macros (HO)
Package: hopatch 2016/05/16 v1.3 Wrapper for package hooks (HO)
Package: xcolor-patch 2016/05/16 xcolor patch
Package: atveryend 2016/05/16 v1.9 Hooks at the very end of document (HO)
Package atveryend Info: \enddocument detected (standard20110627).
Package: atbegshi 2016/06/09 v1.18 At begin shipout hook (HO)
Package: refcount 2016/05/16 v3.5 Data extraction from label references (HO)
Package: hycolor 2016/05/16 v1.8 Color options for hyperref/bookmark (HO)
)
(c:/texlive/2016/texmf-dist/tex/latex/graphics/keyval.sty
Package: keyval 2014/10/28 v1.15 key=value parser (DPC)
\KV@toks@=\toks14
)
(c:/texlive/2016/texmf-dist/tex/generic/ifxetex/ifxetex.sty
Package: ifxetex 2010/09/12 v0.6 Provides ifxetex conditional
)
(c:/texlive/2016/texmf-dist/tex/latex/oberdiek/auxhook.sty
Package: auxhook 2016/05/16 v1.4 Hooks for auxiliary files (HO)
)
(c:/texlive/2016/texmf-dist/tex/latex/oberdiek/kvoptions.sty
Package: kvoptions 2016/05/16 v3.12 Key value format for package options (HO)
)
\@linkdim=\dimen103
\Hy@linkcounter=\count87
\Hy@pagecounter=\count88

(c:/texlive/2016/texmf-dist/tex/latex/hyperref/pd1enc.def
File: pd1enc.def 2016/06/24 v6.83q Hyperref: PDFDocEncoding definition (HO)
)
\Hy@SavedSpaceFactor=\count89

(c:/texlive/2016/texmf-dist/tex/latex/latexconfig/hyperref.cfg
File: hyperref.cfg 2002/06/06 v1.2 hyperref configuration of TeXLive
)
Package hyperref Info: Hyper figures OFF on input line 4486.
Package hyperref Info: Link nesting OFF on input line 4491.
Package hyperref Info: Hyper index ON on input line 4494.
Package hyperref Info: Plain pages OFF on input line 4501.
Package hyperref Info: Backreferencing OFF on input line 4506.
Package hyperref Info: Implicit mode ON; LaTeX internals redefined.
Package hyperref Info: Bookmarks ON on input line 4735.
\c@Hy@tempcnt=\count90

(c:/texlive/2016/texmf-dist/tex/latex/url/url.sty
\Urlmuskip=\muskip10
Package: url 2013/09/16  ver 3.4  Verb mode for urls, etc.
)
LaTeX Info: Redefining \url on input line 5088.
\XeTeXLinkMargin=\dimen104
\Fld@menulength=\count91
\Field@Width=\dimen105
\Fld@charsize=\dimen106
Package hyperref Info: Hyper figures OFF on input line 6342.
Package hyperref Info: Link nesting OFF on input line 6347.
Package hyperref Info: Hyper index ON on input line 6350.
Package hyperref Info: backreferencing OFF on input line 6357.
Package hyperref Info: Link coloring OFF on input line 6362.
Package hyperref Info: Link coloring with OCG OFF on input line 6367.
Package hyperref Info: PDF/A mode OFF on input line 6372.
LaTeX Info: Redefining \ref on input line 6412.
LaTeX Info: Redefining \pageref on input line 6416.
\Hy@abspage=\count92
\c@Item=\count93
\c@Hfootnote=\count94
)

Package hyperref Message: Driver (autodetected): hpdftex.

(c:/texlive/2016/texmf-dist/tex/latex/hyperref/hpdftex.def
File: hpdftex.def 2016/06/24 v6.83q Hyperref driver for pdfTeX
\Fld@listcount=\count95
\c@bookmark@seq@number=\count96

(c:/texlive/2016/texmf-dist/tex/latex/oberdiek/rerunfilecheck.sty
Package: rerunfilecheck 2016/05/16 v1.8 Rerun checks for auxiliary files (HO)
Package uniquecounter Info: New unique counter `rerunfilecheck' on input line 2
82.
)
\Hy@SectionHShift=\skip43
)
(c:/texlive/2016/texmf-dist/tex/latex/geometry/geometry.sty
Package: geometry 2010/09/12 v5.6 Page Geometry
\Gm@cnth=\count97
\Gm@cntv=\count98
\c@Gm@tempcnt=\count99
\Gm@bindingoffset=\dimen107
\Gm@wd@mp=\dimen108
\Gm@odd@mp=\dimen109
\Gm@even@mp=\dimen110
\Gm@layoutwidth=\dimen111
\Gm@layoutheight=\dimen112
\Gm@layouthoffset=\dimen113
\Gm@layoutvoffset=\dimen114
\Gm@dimlist=\toks15
)
(c:/texlive/2016/texmf-dist/tex/latex/minted/minted.sty
Package: minted 2016/07/20 v2.4 Yet another Pygments shim for LaTeX

(c:/texlive/2016/texmf-dist/tex/latex/fvextra/fvextra.sty
Package: fvextra 2016/09/02 v1.2.1 fvextra - extensions and patches for fancyvr
b

(c:/texlive/2016/texmf-dist/tex/latex/base/ifthen.sty
Package: ifthen 2014/09/29 v1.1c Standard LaTeX ifthen package (DPC)
)
(c:/texlive/2016/texmf-dist/tex/latex/etoolbox/etoolbox.sty
Package: etoolbox 2015/08/02 v2.2a e-TeX tools for LaTeX (JAW)
\etb@tempcnta=\count100
)
(c:/texlive/2016/texmf-dist/tex/latex/fancyvrb/fancyvrb.sty
Package: fancyvrb 2008/02/07

Style option: `fancyvrb' v2.7a, with DG/SPQR fixes, and firstline=lastline fix 
<2008/02/07> (tvz)
\FV@CodeLineNo=\count101
\FV@InFile=\read1
\FV@TabBox=\box26
\c@FancyVerbLine=\count102
\FV@StepNumber=\count103
\FV@OutFile=\write3
) (c:/texlive/2016/texmf-dist/tex/latex/upquote/upquote.sty
Package: upquote 2012/04/19 v1.3 upright-quote and grave-accent glyphs in verba
tim

(c:/texlive/2016/texmf-dist/tex/latex/base/textcomp.sty
Package: textcomp 2016/06/19 v1.99m Standard LaTeX package
Package textcomp Info: Sub-encoding information:
(textcomp)               5 = only ISO-Adobe without \textcurrency
(textcomp)               4 = 5 + \texteuro
(textcomp)               3 = 4 + \textohm
(textcomp)               2 = 3 + \textestimated + \textcurrency
(textcomp)               1 = TS1 - \textcircled - \t
(textcomp)               0 = TS1 (full)
(textcomp)             Font families with sub-encoding setting implement
(textcomp)             only a restricted character set as indicated.
(textcomp)             Family '?' is the default used for unknown fonts.
(textcomp)             See the documentation for details.
Package textcomp Info: Setting ? sub-encoding to TS1/1 on input line 79.

(c:/texlive/2016/texmf-dist/tex/latex/base/ts1enc.def
File: ts1enc.def 2001/06/05 v3.0e (jk/car/fm) Standard LaTeX file
)
LaTeX Info: Redefining \oldstylenums on input line 334.
Package textcomp Info: Setting cmr sub-encoding to TS1/0 on input line 349.
Package textcomp Info: Setting cmss sub-encoding to TS1/0 on input line 350.
Package textcomp Info: Setting cmtt sub-encoding to TS1/0 on input line 351.
Package textcomp Info: Setting cmvtt sub-encoding to TS1/0 on input line 352.
Package textcomp Info: Setting cmbr sub-encoding to TS1/0 on input line 353.
Package textcomp Info: Setting cmtl sub-encoding to TS1/0 on input line 354.
Package textcomp Info: Setting ccr sub-encoding to TS1/0 on input line 355.
Package textcomp Info: Setting ptm sub-encoding to TS1/4 on input line 356.
Package textcomp Info: Setting pcr sub-encoding to TS1/4 on input line 357.
Package textcomp Info: Setting phv sub-encoding to TS1/4 on input line 358.
Package textcomp Info: Setting ppl sub-encoding to TS1/3 on input line 359.
Package textcomp Info: Setting pag sub-encoding to TS1/4 on input line 360.
Package textcomp Info: Setting pbk sub-encoding to TS1/4 on input line 361.
Package textcomp Info: Setting pnc sub-encoding to TS1/4 on input line 362.
Package textcomp Info: Setting pzc sub-encoding to TS1/4 on input line 363.
Package textcomp Info: Setting bch sub-encoding to TS1/4 on input line 364.
Package textcomp Info: Setting put sub-encoding to TS1/5 on input line 365.
Package textcomp Info: Setting uag sub-encoding to TS1/5 on input line 366.
Package textcomp Info: Setting ugq sub-encoding to TS1/5 on input line 367.
Package textcomp Info: Setting ul8 sub-encoding to TS1/4 on input line 368.
Package textcomp Info: Setting ul9 sub-encoding to TS1/4 on input line 369.
Package textcomp Info: Setting augie sub-encoding to TS1/5 on input line 370.
Package textcomp Info: Setting dayrom sub-encoding to TS1/3 on input line 371.
Package textcomp Info: Setting dayroms sub-encoding to TS1/3 on input line 372.

Package textcomp Info: Setting pxr sub-encoding to TS1/0 on input line 373.
Package textcomp Info: Setting pxss sub-encoding to TS1/0 on input line 374.
Package textcomp Info: Setting pxtt sub-encoding to TS1/0 on input line 375.
Package textcomp Info: Setting txr sub-encoding to TS1/0 on input line 376.
Package textcomp Info: Setting txss sub-encoding to TS1/0 on input line 377.
Package textcomp Info: Setting txtt sub-encoding to TS1/0 on input line 378.
Package textcomp Info: Setting lmr sub-encoding to TS1/0 on input line 379.
Package textcomp Info: Setting lmdh sub-encoding to TS1/0 on input line 380.
Package textcomp Info: Setting lmss sub-encoding to TS1/0 on input line 381.
Package textcomp Info: Setting lmssq sub-encoding to TS1/0 on input line 382.
Package textcomp Info: Setting lmvtt sub-encoding to TS1/0 on input line 383.
Package textcomp Info: Setting lmtt sub-encoding to TS1/0 on input line 384.
Package textcomp Info: Setting qhv sub-encoding to TS1/0 on input line 385.
Package textcomp Info: Setting qag sub-encoding to TS1/0 on input line 386.
Package textcomp Info: Setting qbk sub-encoding to TS1/0 on input line 387.
Package textcomp Info: Setting qcr sub-encoding to TS1/0 on input line 388.
Package textcomp Info: Setting qcs sub-encoding to TS1/0 on input line 389.
Package textcomp Info: Setting qpl sub-encoding to TS1/0 on input line 390.
Package textcomp Info: Setting qtm sub-encoding to TS1/0 on input line 391.
Package textcomp Info: Setting qzc sub-encoding to TS1/0 on input line 392.
Package textcomp Info: Setting qhvc sub-encoding to TS1/0 on input line 393.
Package textcomp Info: Setting futs sub-encoding to TS1/4 on input line 394.
Package textcomp Info: Setting futx sub-encoding to TS1/4 on input line 395.
Package textcomp Info: Setting futj sub-encoding to TS1/4 on input line 396.
Package textcomp Info: Setting hlh sub-encoding to TS1/3 on input line 397.
Package textcomp Info: Setting hls sub-encoding to TS1/3 on input line 398.
Package textcomp Info: Setting hlst sub-encoding to TS1/3 on input line 399.
Package textcomp Info: Setting hlct sub-encoding to TS1/5 on input line 400.
Package textcomp Info: Setting hlx sub-encoding to TS1/5 on input line 401.
Package textcomp Info: Setting hlce sub-encoding to TS1/5 on input line 402.
Package textcomp Info: Setting hlcn sub-encoding to TS1/5 on input line 403.
Package textcomp Info: Setting hlcw sub-encoding to TS1/5 on input line 404.
Package textcomp Info: Setting hlcf sub-encoding to TS1/5 on input line 405.
Package textcomp Info: Setting pplx sub-encoding to TS1/3 on input line 406.
Package textcomp Info: Setting pplj sub-encoding to TS1/3 on input line 407.
Package textcomp Info: Setting ptmx sub-encoding to TS1/4 on input line 408.
Package textcomp Info: Setting ptmj sub-encoding to TS1/4 on input line 409.
))
(c:/texlive/2016/texmf-dist/tex/latex/lineno/lineno.sty
Package: lineno 2005/11/02 line numbers on paragraphs v4.41
\linenopenalty=\count104
\output=\toks16
\linenoprevgraf=\count105
\linenumbersep=\dimen115
\linenumberwidth=\dimen116
\c@linenumber=\count106
\c@pagewiselinenumber=\count107
\c@LN@truepage=\count108
\c@internallinenumber=\count109
\c@internallinenumbers=\count110
\quotelinenumbersep=\dimen117
\bframerule=\dimen118
\bframesep=\dimen119
\bframebox=\box27
LaTeX Info: Redefining \\ on input line 3056.
)
\c@FV@TrueTabGroupLevel=\count111
\c@FV@TrueTabCounter=\count112
\FV@TabBox@Group=\box28
\FV@TmpLength=\skip44
\c@FV@HighlightLinesStart=\count113
\c@FV@HighlightLinesStop=\count114
\FV@BreakIndent=\dimen120
\FV@BreakSymbolSepLeft=\dimen121
\FV@BreakSymbolSepRight=\dimen122
\FV@BreakSymbolIndentLeft=\dimen123
LaTeX Font Info:    Try loading font information for T1+lmtt on input line 562.


(c:/texlive/2016/texmf-dist/tex/latex/lm/t1lmtt.fd
File: t1lmtt.fd 2009/10/30 v1.6 Font defs for Latin Modern
)
\FV@BreakSymbolIndentRight=\dimen124
\c@FancyVerbLineBreakLast=\count115
\FV@LineBox=\box29
\FV@LineIndentBox=\box30
)
(c:/texlive/2016/texmf-dist/tex/latex/float/float.sty
Package: float 2001/11/08 v1.3d Float enhancements (AL)
\c@float@type=\count116
\float@exts=\toks17
\float@box=\box31
\@float@everytoks=\toks18
\@floatcapt=\box32
)
(c:/texlive/2016/texmf-dist/tex/latex/tools/calc.sty
Package: calc 2014/10/28 v4.3 Infix arithmetic (KKT,FJ)
\calc@Acount=\count117
\calc@Bcount=\count118
\calc@Adimen=\dimen125
\calc@Bdimen=\dimen126
\calc@Askip=\skip45
\calc@Bskip=\skip46
LaTeX Info: Redefining \setlength on input line 80.
LaTeX Info: Redefining \addtolength on input line 81.
\calc@Ccount=\count119
\calc@Cskip=\skip47
)
(c:/texlive/2016/texmf-dist/tex/latex/tools/shellesc.sty
Package: shellesc 2016/06/07 v0.02a unified shell escape interface for LaTeX
Package shellesc Info: Unrestricted shell escape enabled on input line 67.
)
(c:/texlive/2016/texmf-dist/tex/latex/ifplatform/ifplatform.sty
Package: ifplatform 2010/10/22 v0.4 Testing for the operating system

(c:/texlive/2016/texmf-dist/tex/generic/oberdiek/catchfile.sty
Package: catchfile 2016/05/16 v1.7 Catch the contents of a file (HO)
))
(c:/texlive/2016/texmf-dist/tex/generic/xstring/xstring.sty
(c:/texlive/2016/texmf-dist/tex/generic/xstring/xstring.tex
\@xs@message=\write4
\integerpart=\count120
\decimalpart=\count121
)
Package: xstring 2013/10/13  v1.7c  String manipulations (C Tellechea)
)
(c:/texlive/2016/texmf-dist/tex/latex/framed/framed.sty
Package: framed 2011/10/22 v 0.96: framed or shaded text with page breaks
\OuterFrameSep=\skip48
\fb@frw=\dimen127
\fb@frh=\dimen128
\FrameRule=\dimen129
\FrameSep=\dimen130
)
\minted@appexistsfile=\read2
\minted@bgbox=\box33
\minted@code=\write5
\c@minted@FancyVerbLineTemp=\count122
\c@minted@pygmentizecounter=\count123
\@float@every@listing=\toks19
\c@listing=\count124
)
runsystem(if not exist _minted-ash-tutorial mkdir _minted-ash-tutorial)...execu
ted.

Package shortvrb Info: Made  a short reference for \verb on input line 11.

(c:/texlive/2016/texmf-dist/tex/latex/xcolor/xcolor.sty
Package: xcolor 2016/05/11 v2.12 LaTeX color extensions (UK)

(c:/texlive/2016/texmf-dist/tex/latex/graphics-cfg/color.cfg
File: color.cfg 2016/01/02 v1.6 sample color configuration
)
Package xcolor Info: Driver file: pdftex.def on input line 225.

(c:/texlive/2016/texmf-dist/tex/latex/graphics-def/pdftex.def
File: pdftex.def 2016/07/10 v0.06j Graphics/color for pdfTeX
\Gread@gobject=\count125
)
Package xcolor Info: Model `cmy' substituted by `cmy0' on input line 1348.
Package xcolor Info: Model `hsb' substituted by `rgb' on input line 1352.
Package xcolor Info: Model `RGB' extended on input line 1364.
Package xcolor Info: Model `HTML' substituted by `rgb' on input line 1366.
Package xcolor Info: Model `Hsb' substituted by `hsb' on input line 1367.
Package xcolor Info: Model `tHsb' substituted by `hsb' on input line 1368.
Package xcolor Info: Model `HSB' substituted by `hsb' on input line 1369.
Package xcolor Info: Model `Gray' substituted by `gray' on input line 1370.
Package xcolor Info: Model `wave' substituted by `hsb' on input line 1371.
)
runsystem(for ^%i in (pygmentize.exe pygmentize.bat pygmentize.cmd) do set > as
h-tutorial.aex <nul: /p x=^%~$PATH:i>> ash-tutorial.aex)...executed.

runsystem(del ash-tutorial.aex)...executed.


(./ash-tutorial.aux)
\openout1 = `ash-tutorial.aux'.

LaTeX Font Info:    Checking defaults for OML/cmm/m/it on input line 21.
LaTeX Font Info:    ... okay on input line 21.
LaTeX Font Info:    Checking defaults for T1/cmr/m/n on input line 21.
LaTeX Font Info:    ... okay on input line 21.
LaTeX Font Info:    Checking defaults for OT1/cmr/m/n on input line 21.
LaTeX Font Info:    ... okay on input line 21.
LaTeX Font Info:    Checking defaults for OMS/cmsy/m/n on input line 21.
LaTeX Font Info:    ... okay on input line 21.
LaTeX Font Info:    Checking defaults for OMX/cmex/m/n on input line 21.
LaTeX Font Info:    ... okay on input line 21.
LaTeX Font Info:    Checking defaults for U/cmr/m/n on input line 21.
LaTeX Font Info:    ... okay on input line 21.
LaTeX Font Info:    Checking defaults for PD1/pdf/m/n on input line 21.
LaTeX Font Info:    ... okay on input line 21.
LaTeX Font Info:    Checking defaults for TS1/cmr/m/n on input line 21.
LaTeX Font Info:    Try loading font information for TS1+cmr on input line 21.
 (c:/texlive/2016/texmf-dist/tex/latex/base/ts1cmr.fd
File: ts1cmr.fd 2014/09/29 v2.5h Standard LaTeX font definitions
)
LaTeX Font Info:    ... okay on input line 21.
LaTeX Font Info:    Try loading font information for T1+lmr on input line 21.

(c:/texlive/2016/texmf-dist/tex/latex/lm/t1lmr.fd
File: t1lmr.fd 2009/10/30 v1.6 Font defs for Latin Modern
)
\AtBeginShipoutBox=\box34
Package hyperref Info: Link coloring OFF on input line 21.

(c:/texlive/2016/texmf-dist/tex/latex/hyperref/nameref.sty
Package: nameref 2016/05/21 v2.44 Cross-referencing by name of section

(c:/texlive/2016/texmf-dist/tex/generic/oberdiek/gettitlestring.sty
Package: gettitlestring 2016/05/16 v1.5 Cleanup title references (HO)
)
\c@section@level=\count126
)
LaTeX Info: Redefining \ref on input line 21.
LaTeX Info: Redefining \pageref on input line 21.
LaTeX Info: Redefining \nameref on input line 21.

(./ash-tutorial.out) (./ash-tutorial.out)
\@outlinefile=\write6
\openout6 = `ash-tutorial.out'.


*geometry* driver: auto-detecting
*geometry* detected driver: pdftex
*geometry* verbose mode - [ preamble ] result:
* driver: pdftex
* paper: letterpaper
* layout: <same size as paper>
* layoutoffset:(h,v)=(0.0pt,0.0pt)
* modes: 
* h-part:(L,W,R)=(72.26999pt, 469.75502pt, 72.26999pt)
* v-part:(T,H,B)=(72.26999pt, 650.43001pt, 72.26999pt)
* \paperwidth=614.295pt
* \paperheight=794.96999pt
* \textwidth=469.75502pt
* \textheight=650.43001pt
* \oddsidemargin=0.0pt
* \evensidemargin=0.0pt
* \topmargin=-37.0pt
* \headheight=12.0pt
* \headsep=25.0pt
* \topskip=12.0pt
* \footskip=30.0pt
* \marginparwidth=44.0pt
* \marginparsep=10.0pt
* \columnsep=10.0pt
* \skip\footins=10.8pt plus 4.0pt minus 2.0pt
* \hoffset=0.0pt
* \voffset=0.0pt
* \mag=1000
* \@twocolumnfalse
* \@twosidefalse
* \@mparswitchfalse
* \@reversemarginfalse
* (1in=72.27pt=25.4mm, 1cm=28.453pt)

(c:/texlive/2016/texmf-dist/tex/context/base/mkii/supp-pdf.mkii
[Loading MPS to PDF converter (version 2006.09.02).]
\scratchcounter=\count127
\scratchdimen=\dimen131
\scratchbox=\box35
\nofMPsegments=\count128
\nofMParguments=\count129
\everyMPshowfont=\toks20
\MPscratchCnt=\count130
\MPscratchDim=\dimen132
\MPnumerator=\count131
\makeMPintoPDFobject=\count132
\everyMPtoPDFconversion=\toks21
)
LaTeX Font Info:    Try loading font information for OT1+lmr on input line 27.
 (c:/texlive/2016/texmf-dist/tex/latex/lm/ot1lmr.fd
File: ot1lmr.fd 2009/10/30 v1.6 Font defs for Latin Modern
)
LaTeX Font Info:    Try loading font information for OML+lmm on input line 27.

(c:/texlive/2016/texmf-dist/tex/latex/lm/omllmm.fd
File: omllmm.fd 2009/10/30 v1.6 Font defs for Latin Modern
)
LaTeX Font Info:    Try loading font information for OMS+lmsy on input line 27.


(c:/texlive/2016/texmf-dist/tex/latex/lm/omslmsy.fd
File: omslmsy.fd 2009/10/30 v1.6 Font defs for Latin Modern
)
LaTeX Font Info:    Try loading font information for OMX+lmex on input line 27.


(c:/texlive/2016/texmf-dist/tex/latex/lm/omxlmex.fd
File: omxlmex.fd 2009/10/30 v1.6 Font defs for Latin Modern
)
LaTeX Font Info:    External font `lmex10' loaded for size
(Font)              <14.4> on input line 27.
LaTeX Font Info:    External font `lmex10' loaded for size
(Font)              <10> on input line 27.
LaTeX Font Info:    External font `lmex10' loaded for size
(Font)              <7> on input line 27.
LaTeX Font Info:    Try loading font information for TS1+lmr on input line 35.

(c:/texlive/2016/texmf-dist/tex/latex/lm/ts1lmr.fd
File: ts1lmr.fd 2009/10/30 v1.6 Font defs for Latin Modern
) [1

{c:/texlive/2016/texmf-var/fonts/map/pdftex/updmap/pdftex.map}]
LaTeX Font Info:    Font shape `T1/lmtt/bx/n' in size <17.28> not available
(Font)              Font shape `T1/lmtt/b/n' tried instead on input line 55.
\openout5 = `ash-tutorial.pyg'.


(./_minted-ash-tutorial/default-pyg-prefix.pygstyle)
(./_minted-ash-tutorial/default.pygstyle)
(./_minted-ash-tutorial/AD7ABECC0642B232235BA488BE99476C7722581294541BC7EEF4026
43E1F9D3F.pygtex)
\openout3 = `ash-tutorial.pyg'.


(./_minted-ash-tutorial/1EB7F4C05D7E8E4AEEDFE851BF0CFE4C7722581294541BC7EEF4026
43E1F9D3F.pygtex
LaTeX Font Info:    Font shape `T1/lmtt/bx/n' in size <12> not available
(Font)              Font shape `T1/lmtt/b/n' tried instead on input line 3.
) [2]
\openout5 = `ash-tutorial.pyg'.


(./_minted-ash-tutorial/CA616FCFEB5A8969D78D48B02E4CB54F7722581294541BC7EEF4026
43E1F9D3F.pygtex)
\openout5 = `ash-tutorial.pyg'.


(./_minted-ash-tutorial/9CE6C680434B79D3706609671E435C3C7722581294541BC7EEF4026
43E1F9D3F.pygtex)
\openout5 = `ash-tutorial.pyg'.


(./_minted-ash-tutorial/994E56247E4A6DCC3D1637B5F071D6247722581294541BC7EEF4026
43E1F9D3F.pygtex)
\openout5 = `ash-tutorial.pyg'.


(./_minted-ash-tutorial/964B40C3C4729A950718B333D7337F647722581294541BC7EEF4026
43E1F9D3F.pygtex)
\openout5 = `ash-tutorial.pyg'.


(./_minted-ash-tutorial/9182F24235093853B8B4C55D5945A8B27722581294541BC7EEF4026
43E1F9D3F.pygtex)
\openout5 = `ash-tutorial.pyg'.


(./_minted-ash-tutorial/58D80F55B4F51904740053F1997E4FE37722581294541BC7EEF4026
43E1F9D3F.pygtex)
\openout5 = `ash-tutorial.pyg'.


(./_minted-ash-tutorial/994E56247E4A6DCC3D1637B5F071D6247722581294541BC7EEF4026
43E1F9D3F.pygtex)
\openout3 = `ash-tutorial.pyg'.


(./_minted-ash-tutorial/434530E0630F052BB4A0A190F8A6A4137722581294541BC7EEF4026
43E1F9D3F.pygtex)
\openout5 = `ash-tutorial.pyg'.


(./_minted-ash-tutorial/623A35C0E5B4B7FC9135949D653DD7867722581294541BC7EEF4026
43E1F9D3F.pygtex)
\openout5 = `ash-tutorial.pyg'.


(./_minted-ash-tutorial/DDF6E004C69EF5EF215236D473540A7E7722581294541BC7EEF4026
43E1F9D3F.pygtex)
\openout5 = `ash-tutorial.pyg'.


(./_minted-ash-tutorial/623A35C0E5B4B7FC9135949D653DD7867722581294541BC7EEF4026
43E1F9D3F.pygtex)
Overfull \hbox (108.51302pt too wide) in paragraph at lines 1--92
[][]\T1/lmr/m/n/12 : in-di-cates the type of the struc-ture, in this case []\T1
/lmtt/m/n/12 VK\_STRUCTURE\_TYPE\_INSTANCE\_CREATE\_INFO\T1/lmr/m/n/12 ---
 []

\openout5 = `ash-tutorial.pyg'.


(./_minted-ash-tutorial/0A507798FFB02A18B99C07949C34E6AC7722581294541BC7EEF4026
43E1F9D3F.pygtex)
\openout5 = `ash-tutorial.pyg'.


(./_minted-ash-tutorial/CA35C56C0C379F292F8FAB68B3A19F617722581294541BC7EEF4026
43E1F9D3F.pygtex)
\openout5 = `ash-tutorial.pyg'.


(./_minted-ash-tutorial/623A35C0E5B4B7FC9135949D653DD7867722581294541BC7EEF4026
43E1F9D3F.pygtex)
\openout5 = `ash-tutorial.pyg'.


(./_minted-ash-tutorial/929022A1F0D6BC3245E522CE4FF43DA37722581294541BC7EEF4026
43E1F9D3F.pygtex)
\openout5 = `ash-tutorial.pyg'.


(./_minted-ash-tutorial/B092EA728F7D6D5D6EEED3B031DCC9007722581294541BC7EEF4026
43E1F9D3F.pygtex)
\openout5 = `ash-tutorial.pyg'.


(./_minted-ash-tutorial/AA1ED48D0D1D24FC3BE04BA295D078817722581294541BC7EEF4026
43E1F9D3F.pygtex)
\openout5 = `ash-tutorial.pyg'.


(./_minted-ash-tutorial/101F1380B995CF8A0C7C2384BFBE62287722581294541BC7EEF4026
43E1F9D3F.pygtex)
\openout5 = `ash-tutorial.pyg'.


(./_minted-ash-tutorial/CA35C56C0C379F292F8FAB68B3A19F617722581294541BC7EEF4026
43E1F9D3F.pygtex)
\openout5 = `ash-tutorial.pyg'.


(./_minted-ash-tutorial/438882EC3137374C1047EFB96688C3967722581294541BC7EEF4026
43E1F9D3F.pygtex)
\openout5 = `ash-tutorial.pyg'.


(./_minted-ash-tutorial/101F1380B995CF8A0C7C2384BFBE62287722581294541BC7EEF4026
43E1F9D3F.pygtex)
\openout5 = `ash-tutorial.pyg'.


(./_minted-ash-tutorial/23B5EEF998A51416C7BD08F375DC04FF7722581294541BC7EEF4026
43E1F9D3F.pygtex)
Overfull \hbox (133.44623pt too wide) in paragraph at lines 1--102
[][]\T1/lmr/m/n/12 : length of the [] list, should be zero if []; 
 []

\openout5 = `ash-tutorial.pyg'.


(./_minted-ash-tutorial/F8FEB2F8CB0B503AE9A63449079204A17722581294541BC7EEF4026
43E1F9D3F.pygtex)
\openout5 = `ash-tutorial.pyg'.


(./_minted-ash-tutorial/CA35C56C0C379F292F8FAB68B3A19F617722581294541BC7EEF4026
43E1F9D3F.pygtex) [3]
\openout5 = `ash-tutorial.pyg'.


(./_minted-ash-tutorial/2A01FBD13935441C3EAA8ABA0F619D977722581294541BC7EEF4026
43E1F9D3F.pygtex)
\openout5 = `ash-tutorial.pyg'.


(./_minted-ash-tutorial/F8FEB2F8CB0B503AE9A63449079204A17722581294541BC7EEF4026
43E1F9D3F.pygtex)
\openout5 = `ash-tutorial.pyg'.


(./_minted-ash-tutorial/994E56247E4A6DCC3D1637B5F071D6247722581294541BC7EEF4026
43E1F9D3F.pygtex)
\openout5 = `ash-tutorial.pyg'.


(./_minted-ash-tutorial/AA1ED48D0D1D24FC3BE04BA295D078817722581294541BC7EEF4026
43E1F9D3F.pygtex)
\openout3 = `ash-tutorial.pyg'.


(./_minted-ash-tutorial/0B778D88EE280DCE10D24FF0CC7C8C757722581294541BC7EEF4026
43E1F9D3F.pygtex)
\openout5 = `ash-tutorial.pyg'.


(./_minted-ash-tutorial/623A35C0E5B4B7FC9135949D653DD7867722581294541BC7EEF4026
43E1F9D3F.pygtex)
\openout5 = `ash-tutorial.pyg'.


(./_minted-ash-tutorial/0A507798FFB02A18B99C07949C34E6AC7722581294541BC7EEF4026
43E1F9D3F.pygtex)
\openout5 = `ash-tutorial.pyg'.


(./_minted-ash-tutorial/994E56247E4A6DCC3D1637B5F071D6247722581294541BC7EEF4026
43E1F9D3F.pygtex)
Overfull \hbox (35.25896pt too wide) in paragraph at lines 1--122
[][]\T1/lmr/m/n/12 , []: com-mon fea-tures of many Vulkan info []\T1/lmtt/m/n/1
2 struct\T1/lmr/m/n/12 s, see the []
 []

\openout5 = `ash-tutorial.pyg'.


(./_minted-ash-tutorial/30A47D4D071E8A21CFB78B65C78EED0C7722581294541BC7EEF4026
43E1F9D3F.pygtex)
\openout5 = `ash-tutorial.pyg'.


(./_minted-ash-tutorial/DC6CA3860EE2B15730D9EA29182A106E7722581294541BC7EEF4026
43E1F9D3F.pygtex)
\openout5 = `ash-tutorial.pyg'.


(./_minted-ash-tutorial/08D9BA2A31FE6D60B4661FC13D8FB4917722581294541BC7EEF4026
43E1F9D3F.pygtex)
\openout5 = `ash-tutorial.pyg'.


(./_minted-ash-tutorial/C8F8DCDE7DE50C3F037A49AF30580D477722581294541BC7EEF4026
43E1F9D3F.pygtex)
\openout5 = `ash-tutorial.pyg'.


(./_minted-ash-tutorial/E9FE042BB8F5D45D698B38A67D841A2A7722581294541BC7EEF4026
43E1F9D3F.pygtex)
\openout5 = `ash-tutorial.pyg'.


(./_minted-ash-tutorial/3FC55EC19CABE5C2D41512941734C90B8E67CACA84FC0D8FD23A7C8
DE77AE086.pygtex)
\openout5 = `ash-tutorial.pyg'.


(./_minted-ash-tutorial/836FE6809E0AFA86FD401B906511174C8E67CACA84FC0D8FD23A7C8
DE77AE086.pygtex)
\openout5 = `ash-tutorial.pyg'.


(./_minted-ash-tutorial/30A47D4D071E8A21CFB78B65C78EED0C7722581294541BC7EEF4026
43E1F9D3F.pygtex)
\openout5 = `ash-tutorial.pyg'.


(./_minted-ash-tutorial/17DF49D8EE4E0CD64277A13F4E5A03B18E67CACA84FC0D8FD23A7C8
DE77AE086.pygtex)
\openout5 = `ash-tutorial.pyg'.


(./_minted-ash-tutorial/7065F96E29755BF9DA6A7C82EA4B89C88E67CACA84FC0D8FD23A7C8
DE77AE086.pygtex)
\openout5 = `ash-tutorial.pyg'.


(./_minted-ash-tutorial/A61296DC00CB43951C0F976EA8188E828E67CACA84FC0D8FD23A7C8
DE77AE086.pygtex)
\openout5 = `ash-tutorial.pyg'.


(./_minted-ash-tutorial/3DA696FD1CFBC1F1AC2C74FBD71F8A9A8E67CACA84FC0D8FD23A7C8
DE77AE086.pygtex)
\openout5 = `ash-tutorial.pyg'.


(./_minted-ash-tutorial/929022A1F0D6BC3245E522CE4FF43DA38E67CACA84FC0D8FD23A7C8
DE77AE086.pygtex)
\openout5 = `ash-tutorial.pyg'.


(./_minted-ash-tutorial/C9C50D78127BDB1B739481F16D0D5A788E67CACA84FC0D8FD23A7C8
DE77AE086.pygtex)
\openout5 = `ash-tutorial.pyg'.


(./_minted-ash-tutorial/929022A1F0D6BC3245E522CE4FF43DA38E67CACA84FC0D8FD23A7C8
DE77AE086.pygtex)
\openout5 = `ash-tutorial.pyg'.


(./_minted-ash-tutorial/97A72FC18455568BEA4F886BFDA75D548E67CACA84FC0D8FD23A7C8
DE77AE086.pygtex)
\openout5 = `ash-tutorial.pyg'.


(./_minted-ash-tutorial/6FC976499F11A201C9E80228E76FB6F88E67CACA84FC0D8FD23A7C8
DE77AE086.pygtex)
\openout5 = `ash-tutorial.pyg'.


(./_minted-ash-tutorial/CB530C0D841B78FDE0A2CF604193C5E58E67CACA84FC0D8FD23A7C8
DE77AE086.pygtex)
Overfull \hbox (57.62387pt too wide) in paragraph at lines 140--141
[]\T1/lmr/m/n/12 to ac-tu-ally use Vulkan, we first ini-tial-ize an [] []\T1/lm
tt/m/n/12 struct \T1/lmr/m/n/12 which con-tains []
 []

\openout5 = `ash-tutorial.pyg'.


(./_minted-ash-tutorial/6FC976499F11A201C9E80228E76FB6F88E67CACA84FC0D8FD23A7C8
DE77AE086.pygtex)
\openout5 = `ash-tutorial.pyg'.


(./_minted-ash-tutorial/A4E2DA897A4093C2100C9332FADAD4CE8E67CACA84FC0D8FD23A7C8
DE77AE086.pygtex)
\openout5 = `ash-tutorial.pyg'.


(./_minted-ash-tutorial/AD7ABECC0642B232235BA488BE99476C8E67CACA84FC0D8FD23A7C8
DE77AE086.pygtex)
\openout5 = `ash-tutorial.pyg'.


(./_minted-ash-tutorial/AA6AE9D57C10F7C5800B1274F9AF2DC28E67CACA84FC0D8FD23A7C8
DE77AE086.pygtex)
\openout5 = `ash-tutorial.pyg'.


(./_minted-ash-tutorial/72183DAE6B66FAD1EDD1CAD8ED4D65CB8E67CACA84FC0D8FD23A7C8
DE77AE086.pygtex)
\openout5 = `ash-tutorial.pyg'.


(./_minted-ash-tutorial/A281CB7750AB47B4D2F64B7B167259F78E67CACA84FC0D8FD23A7C8
DE77AE086.pygtex)
\openout5 = `ash-tutorial.pyg'.


(./_minted-ash-tutorial/72183DAE6B66FAD1EDD1CAD8ED4D65CB8E67CACA84FC0D8FD23A7C8
DE77AE086.pygtex)
\openout5 = `ash-tutorial.pyg'.


(./_minted-ash-tutorial/E40405D9ACB18825F309BE060C6F14D78E67CACA84FC0D8FD23A7C8
DE77AE086.pygtex) [4]
\openout5 = `ash-tutorial.pyg'.


(./_minted-ash-tutorial/CA35C56C0C379F292F8FAB68B3A19F617722581294541BC7EEF4026
43E1F9D3F.pygtex)
\openout5 = `ash-tutorial.pyg'.


(./_minted-ash-tutorial/87312A93A4061EE1167EFADDEDFC230A7722581294541BC7EEF4026
43E1F9D3F.pygtex)
\openout3 = `ash-tutorial.pyg'.


(./_minted-ash-tutorial/5C072DE5E0D426F5B6B63F2859E1F0767722581294541BC7EEF4026
43E1F9D3F.pygtex)
\openout5 = `ash-tutorial.pyg'.


(./_minted-ash-tutorial/67E9401E95E3B392EF8445235AD241058E67CACA84FC0D8FD23A7C8
DE77AE086.pygtex)
\openout5 = `ash-tutorial.pyg'.


(./_minted-ash-tutorial/A4E2DA897A4093C2100C9332FADAD4CE8E67CACA84FC0D8FD23A7C8
DE77AE086.pygtex)
\openout5 = `ash-tutorial.pyg'.


(./_minted-ash-tutorial/87312A93A4061EE1167EFADDEDFC230A7722581294541BC7EEF4026
43E1F9D3F.pygtex)
\openout5 = `ash-tutorial.pyg'.


(./_minted-ash-tutorial/67E9401E95E3B392EF8445235AD241058E67CACA84FC0D8FD23A7C8
DE77AE086.pygtex)
\openout3 = `ash-tutorial.pyg'.


(./_minted-ash-tutorial/9FE94A1E6502413BDA0463DE01F34CB28E67CACA84FC0D8FD23A7C8
DE77AE086.pygtex
Overfull \hbox (33.18938pt too wide) in paragraph at lines 169--1
[]\T1/lmr/m/n/12 In Rust, [] ob-ject has an [] func-tion which calls []
 []

LaTeX Font Info:    Try loading font information for TS1+lmtt on input line 12.

(c:/texlive/2016/texmf-dist/tex/latex/lm/ts1lmtt.fd
File: ts1lmtt.fd 2009/10/30 v1.6 Font defs for Latin Modern
) [5])
Package atveryend Info: Empty hook `BeforeClearDocument' on input line 202.
 [6]
Package atveryend Info: Empty hook `AfterLastShipout' on input line 202.

(./ash-tutorial.aux)
Package atveryend Info: Executing hook `AtVeryEndDocument' on input line 202.
Package atveryend Info: Executing hook `AtEndAfterFileList' on input line 202.
Package rerunfilecheck Info: File `ash-tutorial.out' has not changed.
(rerunfilecheck)             Checksum: 40A700C84303281B4C3441A98FA28C18;211.
runsystem(del ash-tutorial.pyg)...executed.

Package atveryend Info: Empty hook `AtVeryVeryEnd' on input line 202.
 ) 
Here is how much of TeX's memory you used:
 9649 strings out of 493013
 171372 string characters out of 6137008
 301418 words of memory out of 5000000
 12876 multiletter control sequences out of 15000+600000
 36983 words of font info for 38 fonts, out of 8000000 for 9000
 1141 hyphenation exceptions out of 8191
 38i,6n,35p,2137b,524s stack positions out of 5000i,500n,10000p,200000b,80000s
{c:/texlive/2016/texmf-dist/fonts/enc/dvips/lm/lm-ts1.enc}{c:/texlive/2016/te
xmf-dist/fonts/enc/dvips/lm/lm-ec.enc}<c:/texlive/2016/texmf-dist/fonts/type1/p
ublic/lm/lmbx12.pfb><c:/texlive/2016/texmf-dist/fonts/type1/public/lm/lmr12.pfb
><c:/texlive/2016/texmf-dist/fonts/type1/public/lm/lmr17.pfb><c:/texlive/2016/t
exmf-dist/fonts/type1/public/lm/lmri12.pfb><c:/texlive/2016/texmf-dist/fonts/ty
pe1/public/lm/lmtk10.pfb><c:/texlive/2016/texmf-dist/fonts/type1/public/lm/lmtt
12.pfb><c:/texlive/2016/texmf-dist/fonts/type1/public/lm/lmtti10.pfb>
Output written on ash-tutorial.pdf (6 pages, 181726 bytes).
PDF statistics:
 95 PDF objects out of 1000 (max. 8388607)
 79 compressed objects within 1 object stream
 15 named destinations out of 1000 (max. 500000)
 33 words of extra memory for PDF output out of 10000 (max. 10000000)

